Arguments: 
  /usr/local/Cellar/node/7.5.0/bin/node /usr/local/lib/node_modules/tnpm/node_modules/_yarn@0.24.6@yarn/bin/yarn.js --cache=/Users/huxiaoqi/.tnpm --tmp=/Users/huxiaoqi/.tnpm_tmp --no-proxy --disturl=https://tnpm-hz.oss-cn-hangzhou.aliyuncs.com/dist/node --userconfig=/Users/huxiaoqi/.tnpmrc --registry=http://registry.npm.alibaba-inc.com

PATH: 
  /usr/local/bin:/usr/bin:/bin:/usr/sbin:/sbin:/usr/local/share/dotnet:/Library/Frameworks/Mono.framework/Versions/Current/Commands:/Applications/Xamarin Workbooks.app/Contents/SharedSupport/path-bin:/Users/huxiaoqi/apache-maven-3.3.9/bin:/Users/huxiaoqi/.rvm/bin

Yarn version: 
  0.24.6

Node version: 
  8.9.3

Platform: 
  darwin x64

npm manifest: 
  {
    "name": "BindingX",
    "version": "0.0.1",
    "private": true,
    "scripts": {
      "start": "node node_modules/react-native/local-cli/cli.js start --root ./example",
      "test": "jest"
    },
    "dependencies": {
      "react": "16.0.0",
      "react-native": "0.51.0",
      "react-native-bindingx": "0.0.x",
      "react-navigation": "^1.5.8"
    },
    "devDependencies": {
      "babel-jest": "22.0.3",
      "babel-preset-react-native": "4.0.0",
      "jest": "22.0.3",
      "react-test-renderer": "16.0.0"
    },
    "jest": {
      "preset": "react-native"
    }
  }

yarn manifest: 
  No manifest

Lockfile: 
  No lockfile

Trace: 
  Error: connect ETIMEDOUT 100.67.95.39:80
      at Object._errnoException (util.js:1024:11)
      at _exceptionWithHostPort (util.js:1046:20)
      at TCPConnectWrap.afterConnect [as oncomplete] (net.js:1182:14)
